<?xml version="1.0" encoding="UTF-8"?>
<testsuite xmlns:xsi="http://www.w3.org/2001/XMLSchema-instance" xsi:noNamespaceSchemaLocation="https://maven.apache.org/surefire/maven-surefire-plugin/xsd/surefire-test-report-3.0.xsd" version="3.0" name="org.farmtec.res.rules.impl.RuleGroupCompositeTest" time="0.688" tests="7" errors="0" skipped="0" failures="0">
  <properties>
[...]
</properties>
  <testcase name="testRule_ruleListGte2_AND_shouldBeTrue" classname="org.farmtec.res.rules.impl.RuleGroupCompositeTest" time="0.648"/>
  <testcase name="testRule_groupOfGroupOfRules_shouldBeTrue" classname="org.farmtec.res.rules.impl.RuleGroupCompositeTest" time="0.005"/>
  <testcase name="testRule_ruleListGte2_AND_shouldBeFalse" classname="org.farmtec.res.rules.impl.RuleGroupCompositeTest" time="0.004"/>
  <testcase name="testRule_groupOfGroupOfRules_shouldBeFalse" classname="org.farmtec.res.rules.impl.RuleGroupCompositeTest" time="0.004"/>
  <testcase name="testRule_ruleListGte2_OR_shouldBeTrue" classname="org.farmtec.res.rules.impl.RuleGroupCompositeTest" time="0.011"/>
  <testcase name="testRule_ruleListGte2_OR_shouldBeFalse" classname="org.farmtec.res.rules.impl.RuleGroupCompositeTest" time="0.005"/>
  <testcase name="testRule_ruleListEqOne_AND_shouldBeTrue" classname="org.farmtec.res.rules.impl.RuleGroupCompositeTest" time="0.004"/>
</testsuite>